Build started 2015/12/09 4:20:57.
     1>Project "C:\Users\ching\Desktop\My Folder\GCU\GAMES PROGRAMMING 3\GP3coursework\GP3coursework\GP3coursework.vcxproj" on node 2 (Build target(s)).
     1>ClCompile:
         C:\Program Files (x86)\Microsoft Visual Studio 12.0\VC\bin\CL.exe /c /ZI /nologo /W3 /WX- /sdl /Od /Oy- /D _MBCS /Gm /EHsc /RTC1 /MDd /GS /fp:precise /Zc:wchar_t /Zc:forScope /Fo"Debug\\" /Fd"Debug\vc120.pdb" /Gd /TP /analyze- /errorReport:prompt Studentmain.cpp cPlayer.cpp
         cPlayer.cpp
     1>c:\users\ching\desktop\my folder\gcu\games programming 3\gp3coursework\gp3coursework\gameconstants.h(74): warning C4244: 'initializing' : conversion from 'float' to 'const int', possible loss of data
     1>c:\users\ching\desktop\my folder\gcu\games programming 3\gp3coursework\gp3coursework\gameconstants.h(75): warning C4244: 'initializing' : conversion from 'float' to 'const int', possible loss of data
         Studentmain.cpp
     1>c:\users\ching\desktop\my folder\gcu\games programming 3\gp3coursework\gp3coursework\gameconstants.h(74): warning C4244: 'initializing' : conversion from 'float' to 'const int', possible loss of data
     1>c:\users\ching\desktop\my folder\gcu\games programming 3\gp3coursework\gp3coursework\gameconstants.h(75): warning C4244: 'initializing' : conversion from 'float' to 'const int', possible loss of data
     1>c:\users\ching\desktop\my folder\gcu\games programming 3\gp3coursework\gp3coursework\studentmain.cpp(118): warning C4305: 'initializing' : truncation from 'double' to 'GLfloat'
     1>c:\users\ching\desktop\my folder\gcu\games programming 3\gp3coursework\gp3coursework\studentmain.cpp(145): warning C4244: 'argument' : conversion from 'const int' to 'GLfloat', possible loss of data
     1>c:\users\ching\desktop\my folder\gcu\games programming 3\gp3coursework\gp3coursework\studentmain.cpp(153): warning C4244: 'argument' : conversion from 'const int' to 'GLfloat', possible loss of data
     1>c:\users\ching\desktop\my folder\gcu\games programming 3\gp3coursework\gp3coursework\studentmain.cpp(247): warning C4244: 'argument' : conversion from 'float' to 'DWORD', possible loss of data
         Generating Code...
       Link:
         C:\Program Files (x86)\Microsoft Visual Studio 12.0\VC\bin\link.exe /ERRORREPORT:PROMPT /OUT:"C:\Users\ching\Desktop\My Folder\GCU\GAMES PROGRAMMING 3\GP3coursework\Debug\GP3coursework.exe" /INCREMENTAL /NOLOGO kernel32.lib user32.lib gdi32.lib winspool.lib comdlg32.lib advapi32.lib shell32.lib ole32.lib oleaut32.lib uuid.lib odbc32.lib odbccp32.lib /MANIFEST /MANIFESTUAC:"level='asInvoker' uiAccess='false'" /manifest:embed /DEBUG /PDB:"C:\Users\ching\Desktop\My Folder\GCU\GAMES PROGRAMMING 3\GP3coursework\Debug\GP3coursework.pdb" /TLBID:1 /DYNAMICBASE /NXCOMPAT /IMPLIB:"C:\Users\ching\Desktop\My Folder\GCU\GAMES PROGRAMMING 3\GP3coursework\Debug\GP3coursework.lib" /MACHINE:X86 Debug\cCamera.obj
         Debug\cColours.obj
         Debug\cCube.obj
         Debug\cEnemy.obj
         Debug\cFont.obj
         Debug\cFontMgr.obj
         Debug\cInputMgr.obj
         Debug\cLaser.obj
         Debug\cLight.obj
         Debug\cMaterial.obj
         Debug\cModel.obj
         Debug\cModelLoader.obj
         Debug\cPlayer.obj
         Debug\cPyramid.obj
         Debug\cShapes.obj
         Debug\cSound.obj
         Debug\cSoundMgr.obj
         Debug\cSphere.obj
         Debug\cStarfield.obj
         Debug\cTexture.obj
         Debug\cTriangle.obj
         Debug\cWNDManager.obj
         Debug\GameConstants.obj
         Debug\Studentmain.obj
         Debug\tardisWarsGame.obj
         Debug\windowOGL.obj
         alut.lib
         DevIL.lib
         freeglut.lib
         ftgl.lib
         "glm-0.3.2Lib.lib"
         ILU.lib
         ILUT.lib
         OpenAL32.lib
         GP3coursework.vcxproj -> C:\Users\ching\Desktop\My Folder\GCU\GAMES PROGRAMMING 3\GP3coursework\Debug\GP3coursework.exe
     1>Done Building Project "C:\Users\ching\Desktop\My Folder\GCU\GAMES PROGRAMMING 3\GP3coursework\GP3coursework\GP3coursework.vcxproj" (Build target(s)).

Build succeeded.

Time Elapsed 00:00:06.49
